<component name="ArtifactManager">
  <artifact type="war" name="Junit5_demo:war">
    <output-path>$PROJECT_DIR$/Junit5_demo/target</output-path>
    <properties id="maven-jee-properties">
      <options>
        <exploded>false</exploded>
        <module>Junit5_demo</module>
        <packaging>war</packaging>
        <unpackNestedArchives>false</unpackNestedArchives>
      </options>
    </properties>
    <root id="archive" name="Junit5_demo-1.0-SNAPSHOT.war">
      <element id="artifact" artifact-name="Junit5_demo:war exploded" />
    </root>
  </artifact>
</component>